Unity Editor version:    2020.3.18f1 (a7d1c678663c)
Branch:                  2020.3/staging
Build type:              Release
Batch mode:              YES
macOS version:           Version 11.5.2 (Build 20G95)
Darwin version:          20.6.0
Architecture:            x86_64
Running under Rosetta:   YES
Available memory:        8192 MB
Using pre-set license
Pro License: NO

COMMAND LINE ARGUMENTS:
/Applications/Unity/Hub/Editor/2020.3.18f1/Unity.app/Contents/MacOS/Unity
-adb2
-batchMode
-noUpm
-name
AssetImportWorker0
-projectPath
/Users/jatingarg/Desktop/work/realm-rush
-logFile
Logs/AssetImportWorker0.log
-srvPort
53595
Successfully changed project path to: /Users/jatingarg/Desktop/work/realm-rush
/Users/jatingarg/Desktop/work/realm-rush
Using Asset Import Pipeline V2.
Refreshing native plugins compatible for Editor in 30.90 ms, found 2 plugins.
Preloading 0 native plugins for Editor in 0.00 ms.
Initialize engine version: 2020.3.18f1 (a7d1c678663c)
[Subsystems] Discovering subsystems at path /Applications/Unity/Hub/Editor/2020.3.18f1/Unity.app/Contents/Resources/UnitySubsystems
[Subsystems] Discovering subsystems at path /Users/jatingarg/Desktop/work/realm-rush/Assets
GfxDevice: creating device client; threaded=0
2021-09-22 20:49:22.390 Unity[36598:1838160] (null) preferred device: Apple M1 (high power)
2021-09-22 20:49:22.390 Unity[36598:1838160] Metal devices available: 1
2021-09-22 20:49:22.390 Unity[36598:1838160] 0: Apple M1 (high power)
2021-09-22 20:49:22.390 Unity[36598:1838160] Using device Apple M1 (high power)
Initializing Metal device caps: Apple M1
Initialize mono
Mono path[0] = '/Applications/Unity/Hub/Editor/2020.3.18f1/Unity.app/Contents/Managed'
Mono path[1] = '/Applications/Unity/Hub/Editor/2020.3.18f1/Unity.app/Contents/MonoBleedingEdge/lib/mono/unityjit'
Mono config path = '/Applications/Unity/Hub/Editor/2020.3.18f1/Unity.app/Contents/MonoBleedingEdge/etc'
Using monoOptions --debugger-agent=transport=dt_socket,embedding=1,server=y,suspend=n,address=127.0.0.1:56598
Begin MonoManager ReloadAssembly
Registering precompiled unity dll's ...
Register platform support module: /Applications/Unity/Hub/Editor/2020.3.18f1/Unity.app/Contents/PlaybackEngines/MacStandaloneSupport/UnityEditor.OSXStandalone.Extensions.dll
Registered in 0.001267 seconds.
Native extension for OSXStandalone target not found
Refreshing native plugins compatible for Editor in 27.73 ms, found 2 plugins.
Preloading 0 native plugins for Editor in 0.00 ms.
Mono: successfully reloaded assembly
- Completed reload, in  1.767 seconds
Domain Reload Profiling:
	ReloadAssembly (1767ms)
		BeginReloadAssembly (86ms)
			ExecutionOrderSort (0ms)
			DisableScriptedObjects (0ms)
			BackupInstance (0ms)
			ReleaseScriptingObjects (0ms)
			CreateAndSetChildDomain (4ms)
		EndReloadAssembly (901ms)
			LoadAssemblies (82ms)
			RebuildTransferFunctionScriptingTraits (0ms)
			SetupTypeCache (186ms)
			ReleaseScriptCaches (0ms)
			RebuildScriptCaches (43ms)
			SetupLoadedEditorAssemblies (513ms)
				LogAssemblyErrors (0ms)
				InitializePlatformSupportModulesInManaged (10ms)
				SetLoadedEditorAssemblies (1ms)
				RefreshPlugins (28ms)
				BeforeProcessingInitializeOnLoad (32ms)
				ProcessInitializeOnLoadAttributes (327ms)
				ProcessInitializeOnLoadMethodAttributes (114ms)
				AfterProcessingInitializeOnLoad (0ms)
				EditorAssembliesLoaded (1ms)
			ExecutionOrderSort2 (0ms)
			AwakeInstancesAfterBackupRestoration (0ms)
Platform modules already initialized, skipping
Registering precompiled user dll's ...
Registered in 0.002047 seconds.
Begin MonoManager ReloadAssembly
Native extension for OSXStandalone target not found
Refreshing native plugins compatible for Editor in 0.28 ms, found 2 plugins.
Preloading 0 native plugins for Editor in 0.00 ms.
Mono: successfully reloaded assembly
- Completed reload, in  2.461 seconds
Domain Reload Profiling:
	ReloadAssembly (2463ms)
		BeginReloadAssembly (265ms)
			ExecutionOrderSort (0ms)
			DisableScriptedObjects (32ms)
			BackupInstance (0ms)
			ReleaseScriptingObjects (0ms)
			CreateAndSetChildDomain (39ms)
		EndReloadAssembly (2100ms)
			LoadAssemblies (187ms)
			RebuildTransferFunctionScriptingTraits (0ms)
			SetupTypeCache (305ms)
			ReleaseScriptCaches (0ms)
			RebuildScriptCaches (55ms)
			SetupLoadedEditorAssemblies (1247ms)
				LogAssemblyErrors (0ms)
				InitializePlatformSupportModulesInManaged (16ms)
				SetLoadedEditorAssemblies (2ms)
				RefreshPlugins (0ms)
				BeforeProcessingInitializeOnLoad (211ms)
				ProcessInitializeOnLoadAttributes (1001ms)
				ProcessInitializeOnLoadMethodAttributes (15ms)
				AfterProcessingInitializeOnLoad (1ms)
				EditorAssembliesLoaded (0ms)
			ExecutionOrderSort2 (0ms)
			AwakeInstancesAfterBackupRestoration (32ms)
Platform modules already initialized, skipping
Validating Project structure ... 0.001702 seconds.
Shader import version has changed; will reimport all shaders...
Upgrading shader files ...0.013341 seconds.
Application.AssetDatabase Initial Script Refresh Start
RefreshInfo: InitialScriptRefreshV2(NoUpdateAssetOptions) scanfilter:  ... 1 filters
RefreshProfiler: Total: 0.000ms
Application.AssetDatabase Initial Script Refresh End
Application.AssetDatabase.Refresh Start
Application.AssetDatabase.Refresh End
RefreshInfo: StopAssetImportingV2(ForceSynchronousImport) scanfilter: 
RefreshProfiler: Total: 0.000ms
Launching external process: /Applications/Unity/Hub/Editor/2020.3.18f1/Unity.app/Contents/Tools/UnityShaderCompiler
Launched and connected shader compiler UnityShaderCompiler after 0.03 seconds
Initializing Unity extensions:
========================================================================
Worker process is ready to serve import requests
Refreshing native plugins compatible for Editor in 0.27 ms, found 2 plugins.
Preloading 0 native plugins for Editor in 0.00 ms.
Unloading 1447 Unused Serialized files (Serialized files now loaded: 0)
System memory in use before: 174.1 MB.
System memory in use after: 173.8 MB.

Unloading 109 unused Assets to reduce memory usage. Loaded Objects now: 1936.
Total: 2.362792 ms (FindLiveObjects: 0.124959 ms CreateObjectMapping: 0.032458 ms MarkObjects: 2.008500 ms  DeleteObjects: 0.195709 ms)

AssetImportParameters requested are different than current active one (requested -> active):
  custom:video-decoder-ogg-theora: a1e56fd34408186e4bbccfd4996cb3dc -> 
  custom:container-muxer-webm: aa71ff27fc2769a1b78a27578f13a17b -> 
  custom:container-demuxer-webm: 4f35f7cbe854078d1ac9338744f61a02 -> 
  custom:container-demuxer-ogg: 62fdf1f143b41e24485cea50d1cbac27 -> 
  custom:video-encoder-webm-vp8: eb34c28f22e8b96e1ab97ce403110664 -> 
  custom:framework-osx-AVFoundation: e770b220cccbd017edd2c1fefb359320 -> 
  custom:video-decoder-webm-vp8: 9c59270c3fd7afecdb556c50c9e8de78 -> 
  custom:audio-decoder-ogg-vorbis: bf7c407c2cedff20999df2af8eb42d56 -> 
  custom:audio-encoder-webm-vorbis: bf7c407c2cedff20999df2af8eb42d56 -> 
========================================================================
Received Import Request.
  path: Assets/Scenes/MainLevel.unity
  artifactKey: Guid(9fc0d4010bbf28b4594072e72b8655ab) Importer(815301076,1909f56bfc062723c751e8b465ee728b)
Start importing Assets/Scenes/MainLevel.unity using Guid(9fc0d4010bbf28b4594072e72b8655ab) Importer(815301076,1909f56bfc062723c751e8b465ee728b)  -> (artifact id: '6b89c30edd0108e34aa304e325c27b6b') in 0.020391 seconds 
  Import took 0.022727 seconds .

========================================================================
Received Import Request.
  Time since last request: 2.229797 seconds.
  path: Assets/Scenes/MainLevel.unity
  artifactKey: Guid(9fc0d4010bbf28b4594072e72b8655ab) Importer(815301076,1909f56bfc062723c751e8b465ee728b)
Start importing Assets/Scenes/MainLevel.unity using Guid(9fc0d4010bbf28b4594072e72b8655ab) Importer(815301076,1909f56bfc062723c751e8b465ee728b)  -> (artifact id: '6b89c30edd0108e34aa304e325c27b6b') in 0.001623 seconds 
  Import took 0.003353 seconds .

========================================================================
Received Prepare
Registering precompiled user dll's ...
Registered in 0.001791 seconds.
Begin MonoManager ReloadAssembly
Native extension for OSXStandalone target not found
Refreshing native plugins compatible for Editor in 0.28 ms, found 2 plugins.
Preloading 0 native plugins for Editor in 0.00 ms.
Mono: successfully reloaded assembly
- Completed reload, in  2.324 seconds
Domain Reload Profiling:
	ReloadAssembly (2325ms)
		BeginReloadAssembly (223ms)
			ExecutionOrderSort (0ms)
			DisableScriptedObjects (31ms)
			BackupInstance (0ms)
			ReleaseScriptingObjects (0ms)
			CreateAndSetChildDomain (83ms)
		EndReloadAssembly (2003ms)
			LoadAssemblies (192ms)
			RebuildTransferFunctionScriptingTraits (0ms)
			SetupTypeCache (300ms)
			ReleaseScriptCaches (1ms)
			RebuildScriptCaches (48ms)
			SetupLoadedEditorAssemblies (1181ms)
				LogAssemblyErrors (0ms)
				InitializePlatformSupportModulesInManaged (16ms)
				SetLoadedEditorAssemblies (1ms)
				RefreshPlugins (0ms)
				BeforeProcessingInitializeOnLoad (230ms)
				ProcessInitializeOnLoadAttributes (917ms)
				ProcessInitializeOnLoadMethodAttributes (16ms)
				AfterProcessingInitializeOnLoad (1ms)
				EditorAssembliesLoaded (0ms)
			ExecutionOrderSort2 (0ms)
			AwakeInstancesAfterBackupRestoration (37ms)
Platform modules already initialized, skipping
Refreshing native plugins compatible for Editor in 0.27 ms, found 2 plugins.
Preloading 0 native plugins for Editor in 0.00 ms.
Unloading 1427 Unused Serialized files (Serialized files now loaded: 0)
System memory in use before: 171.2 MB.
System memory in use after: 171.3 MB.

Unloading 12 unused Assets to reduce memory usage. Loaded Objects now: 1939.
Total: 2.124583 ms (FindLiveObjects: 0.122250 ms CreateObjectMapping: 0.052375 ms MarkObjects: 1.936792 ms  DeleteObjects: 0.012208 ms)

AssetImportParameters requested are different than current active one (requested -> active):
  custom:video-decoder-ogg-theora: a1e56fd34408186e4bbccfd4996cb3dc -> 
  custom:container-muxer-webm: aa71ff27fc2769a1b78a27578f13a17b -> 
  custom:container-demuxer-webm: 4f35f7cbe854078d1ac9338744f61a02 -> 
  custom:container-demuxer-ogg: 62fdf1f143b41e24485cea50d1cbac27 -> 
  custom:video-encoder-webm-vp8: eb34c28f22e8b96e1ab97ce403110664 -> 
  custom:framework-osx-AVFoundation: e770b220cccbd017edd2c1fefb359320 -> 
  custom:video-decoder-webm-vp8: 9c59270c3fd7afecdb556c50c9e8de78 -> 
  custom:audio-decoder-ogg-vorbis: bf7c407c2cedff20999df2af8eb42d56 -> 
  custom:audio-encoder-webm-vorbis: bf7c407c2cedff20999df2af8eb42d56 -> 
========================================================================
Received Import Request.
  Time since last request: 44.742701 seconds.
  path: Assets/Prefab/Ballista.prefab
  artifactKey: Guid(8a965e088bae16643aab3d07ccfd5e2e) Importer(815301076,1909f56bfc062723c751e8b465ee728b)
Start importing Assets/Prefab/Ballista.prefab using Guid(8a965e088bae16643aab3d07ccfd5e2e) Importer(815301076,1909f56bfc062723c751e8b465ee728b)  -> (artifact id: '1897e3e5e78dedbb0debe25821c2ce8f') in 0.942800 seconds 
  Import took 0.958951 seconds .

========================================================================
Received Import Request.
  Time since last request: 6.287149 seconds.
  path: Assets/Prefab/Ballista.prefab
  artifactKey: Guid(8a965e088bae16643aab3d07ccfd5e2e) Importer(815301076,1909f56bfc062723c751e8b465ee728b)
Start importing Assets/Prefab/Ballista.prefab using Guid(8a965e088bae16643aab3d07ccfd5e2e) Importer(815301076,1909f56bfc062723c751e8b465ee728b)  -> (artifact id: 'd461dea10258fdf5abbafee06dc5a65f') in 0.032959 seconds 
  Import took 0.037145 seconds .

========================================================================
Received Import Request.
  Time since last request: 21.025311 seconds.
  path: Assets/Prefab/Ballista.prefab
  artifactKey: Guid(8a965e088bae16643aab3d07ccfd5e2e) Importer(815301076,1909f56bfc062723c751e8b465ee728b)
Start importing Assets/Prefab/Ballista.prefab using Guid(8a965e088bae16643aab3d07ccfd5e2e) Importer(815301076,1909f56bfc062723c751e8b465ee728b)  -> (artifact id: '1d23aee85e55da63ab6025bdfed0ec25') in 0.012273 seconds 
  Import took 0.014625 seconds .

========================================================================
Received Import Request.
  Time since last request: 4.088585 seconds.
  path: Assets/Prefab/Ballista.prefab
  artifactKey: Guid(8a965e088bae16643aab3d07ccfd5e2e) Importer(815301076,1909f56bfc062723c751e8b465ee728b)
Start importing Assets/Prefab/Ballista.prefab using Guid(8a965e088bae16643aab3d07ccfd5e2e) Importer(815301076,1909f56bfc062723c751e8b465ee728b)  -> (artifact id: '80fe299c4d5331f851b9ddbd3aa4ba92') in 0.010269 seconds 
  Import took 0.014226 seconds .

========================================================================
Received Import Request.
  Time since last request: 19.397017 seconds.
  path: Assets/Prefab/Ballista.prefab
  artifactKey: Guid(8a965e088bae16643aab3d07ccfd5e2e) Importer(815301076,1909f56bfc062723c751e8b465ee728b)
Start importing Assets/Prefab/Ballista.prefab using Guid(8a965e088bae16643aab3d07ccfd5e2e) Importer(815301076,1909f56bfc062723c751e8b465ee728b)  -> (artifact id: 'bb9a42be5b61526277753199683aa6e8') in 0.013337 seconds 
  Import took 0.016319 seconds .

========================================================================
Received Import Request.
  Time since last request: 6.103810 seconds.
  path: Assets/Prefab/Ballista.prefab
  artifactKey: Guid(8a965e088bae16643aab3d07ccfd5e2e) Importer(815301076,1909f56bfc062723c751e8b465ee728b)
Start importing Assets/Prefab/Ballista.prefab using Guid(8a965e088bae16643aab3d07ccfd5e2e) Importer(815301076,1909f56bfc062723c751e8b465ee728b)  -> (artifact id: '45c75ce7cebfd71b31104034a05c2e38') in 0.009765 seconds 
  Import took 0.012008 seconds .

========================================================================
Received Import Request.
  Time since last request: 15.241880 seconds.
  path: Assets/Prefab/Ballista.prefab
  artifactKey: Guid(8a965e088bae16643aab3d07ccfd5e2e) Importer(815301076,1909f56bfc062723c751e8b465ee728b)
Start importing Assets/Prefab/Ballista.prefab using Guid(8a965e088bae16643aab3d07ccfd5e2e) Importer(815301076,1909f56bfc062723c751e8b465ee728b)  -> (artifact id: 'ea0fe5908fe01fe6408d8ea55d3a6c53') in 0.012228 seconds 
  Import took 0.014825 seconds .

========================================================================
Received Import Request.
  Time since last request: 9.729658 seconds.
  path: Assets/Prefab/Ballista.prefab
  artifactKey: Guid(8a965e088bae16643aab3d07ccfd5e2e) Importer(815301076,1909f56bfc062723c751e8b465ee728b)
Start importing Assets/Prefab/Ballista.prefab using Guid(8a965e088bae16643aab3d07ccfd5e2e) Importer(815301076,1909f56bfc062723c751e8b465ee728b)  -> (artifact id: '67e43a73c7624fb9380c50b61b779cbc') in 0.010452 seconds 
  Import took 0.013107 seconds .

========================================================================
Received Import Request.
  Time since last request: 18.797205 seconds.
  path: Assets/Prefab/Ballista.prefab
  artifactKey: Guid(8a965e088bae16643aab3d07ccfd5e2e) Importer(815301076,1909f56bfc062723c751e8b465ee728b)
Start importing Assets/Prefab/Ballista.prefab using Guid(8a965e088bae16643aab3d07ccfd5e2e) Importer(815301076,1909f56bfc062723c751e8b465ee728b)  -> (artifact id: '71fecd1b97fb93768b8d5ef60c907d91') in 0.009371 seconds 
  Import took 0.011563 seconds .

========================================================================
Received Import Request.
  Time since last request: 39.552262 seconds.
  path: Assets/Prefab/Ballista.prefab
  artifactKey: Guid(8a965e088bae16643aab3d07ccfd5e2e) Importer(815301076,1909f56bfc062723c751e8b465ee728b)
Start importing Assets/Prefab/Ballista.prefab using Guid(8a965e088bae16643aab3d07ccfd5e2e) Importer(815301076,1909f56bfc062723c751e8b465ee728b)  -> (artifact id: '0c49723ea1a8274740a7d69220d1f90e') in 0.010580 seconds 
  Import took 0.013229 seconds .

========================================================================
Received Import Request.
  Time since last request: 4.056491 seconds.
  path: Assets/Prefab/Ballista.prefab
  artifactKey: Guid(8a965e088bae16643aab3d07ccfd5e2e) Importer(815301076,1909f56bfc062723c751e8b465ee728b)
Start importing Assets/Prefab/Ballista.prefab using Guid(8a965e088bae16643aab3d07ccfd5e2e) Importer(815301076,1909f56bfc062723c751e8b465ee728b)  -> (artifact id: 'fae67a1f82b71f322f5a4bbe42191ae1') in 0.010378 seconds 
  Import took 0.012808 seconds .

========================================================================
Received Import Request.
  Time since last request: 13.909513 seconds.
  path: Assets/Prefab/Ballista.prefab
  artifactKey: Guid(8a965e088bae16643aab3d07ccfd5e2e) Importer(815301076,1909f56bfc062723c751e8b465ee728b)
Start importing Assets/Prefab/Ballista.prefab using Guid(8a965e088bae16643aab3d07ccfd5e2e) Importer(815301076,1909f56bfc062723c751e8b465ee728b)  -> (artifact id: '068ae5b34b260be45cb71482e13cf3f5') in 0.009425 seconds 
  Import took 0.011790 seconds .

========================================================================
Received Import Request.
  Time since last request: 1.909305 seconds.
  path: Assets/Prefab/Ballista.prefab
  artifactKey: Guid(8a965e088bae16643aab3d07ccfd5e2e) Importer(815301076,1909f56bfc062723c751e8b465ee728b)
Start importing Assets/Prefab/Ballista.prefab using Guid(8a965e088bae16643aab3d07ccfd5e2e) Importer(815301076,1909f56bfc062723c751e8b465ee728b)  -> (artifact id: 'ce756acb5b17f406dd971c187e0e9956') in 0.010066 seconds 
  Import took 0.012762 seconds .

========================================================================
Received Import Request.
  Time since last request: 9.187001 seconds.
  path: Assets/Prefab/Ballista.prefab
  artifactKey: Guid(8a965e088bae16643aab3d07ccfd5e2e) Importer(815301076,1909f56bfc062723c751e8b465ee728b)
Start importing Assets/Prefab/Ballista.prefab using Guid(8a965e088bae16643aab3d07ccfd5e2e) Importer(815301076,1909f56bfc062723c751e8b465ee728b)  -> (artifact id: '42c461a1b2d28af038c82868d5a41327') in 0.011486 seconds 
  Import took 0.014315 seconds .

========================================================================
Received Import Request.
  Time since last request: 2.009346 seconds.
  path: Assets/Prefab/Ballista.prefab
  artifactKey: Guid(8a965e088bae16643aab3d07ccfd5e2e) Importer(815301076,1909f56bfc062723c751e8b465ee728b)
Start importing Assets/Prefab/Ballista.prefab using Guid(8a965e088bae16643aab3d07ccfd5e2e) Importer(815301076,1909f56bfc062723c751e8b465ee728b)  -> (artifact id: 'dda545d3c4ee8d84fe02b6739443f51b') in 0.010249 seconds 
  Import took 0.013003 seconds .

========================================================================
Received Import Request.
  Time since last request: 2.424229 seconds.
  path: Assets/Prefab/Ballista.prefab
  artifactKey: Guid(8a965e088bae16643aab3d07ccfd5e2e) Importer(815301076,1909f56bfc062723c751e8b465ee728b)
Start importing Assets/Prefab/Ballista.prefab using Guid(8a965e088bae16643aab3d07ccfd5e2e) Importer(815301076,1909f56bfc062723c751e8b465ee728b)  -> (artifact id: '504b0d15bfc9cdec529e04da09d6a684') in 0.010243 seconds 
  Import took 0.012764 seconds .

========================================================================
Received Import Request.
  Time since last request: 8.843230 seconds.
  path: Assets/Prefab/Ballista.prefab
  artifactKey: Guid(8a965e088bae16643aab3d07ccfd5e2e) Importer(815301076,1909f56bfc062723c751e8b465ee728b)
Start importing Assets/Prefab/Ballista.prefab using Guid(8a965e088bae16643aab3d07ccfd5e2e) Importer(815301076,1909f56bfc062723c751e8b465ee728b)  -> (artifact id: 'c1d0c8809a85581e23f07a15ea91041a') in 0.011184 seconds 
  Import took 0.014121 seconds .

